{
  "RSpec": {
    "coverage": {
      "/Users/janiceweaver/1mod_practice/project/enigam_solo_project/spec/enigma_spec.rb": {
        "lines": [
          1,
          1,
          1,
          1,
          1,
          null,
          1,
          1,
          1,
          1,
          null,
          null,
          null,
          1,
          1,
          1,
          1,
          null,
          null,
          null,
          1,
          1,
          1,
          1,
          null,
          null,
          null,
          null,
          1,
          1,
          null,
          null,
          null,
          1,
          1,
          1,
          1,
          null,
          null,
          null,
          1,
          1,
          1,
          1,
          null,
          null,
          null,
          null,
          1,
          null,
          null,
          null,
          null,
          null,
          null
        ]
      },
      "/Users/janiceweaver/1mod_practice/project/enigam_solo_project/lib/key.rb": {
        "lines": [
          1,
          null,
          1,
          4,
          null,
          null
        ]
      },
      "/Users/janiceweaver/1mod_practice/project/enigam_solo_project/lib/offset.rb": {
        "lines": [
          1,
          1,
          null,
          1,
          6,
          null,
          null,
          1,
          12,
          12,
          null,
          null
        ]
      },
      "/Users/janiceweaver/1mod_practice/project/enigam_solo_project/lib/enigma.rb": {
        "lines": [
          1,
          1,
          1,
          null,
          1,
          null,
          1,
          77,
          null,
          null,
          1,
          77,
          null,
          null,
          1,
          4,
          4,
          4,
          4,
          44,
          44,
          44,
          44,
          44,
          null,
          4,
          null,
          null,
          1,
          3,
          null,
          3,
          null,
          null,
          null,
          null,
          1,
          3,
          3,
          3,
          3,
          33,
          33,
          33,
          33,
          33,
          null,
          3,
          null,
          null,
          1,
          2,
          null,
          2,
          null,
          null,
          null,
          null,
          null
        ]
      },
      "/Users/janiceweaver/1mod_practice/project/enigam_solo_project/lib/shift_final.rb": {
        "lines": [
          1,
          1,
          null,
          1,
          1,
          null,
          null,
          null,
          1,
          9,
          9,
          9,
          null,
          null,
          null,
          1,
          8,
          null,
          null,
          1,
          8,
          null,
          null,
          1,
          8,
          null,
          null,
          1,
          8,
          null,
          1,
          8,
          null,
          null,
          1,
          8,
          null,
          null,
          1,
          8,
          null,
          null,
          1,
          8,
          null,
          null,
          1,
          null,
          5,
          null,
          null,
          null,
          null,
          1,
          null,
          3,
          3,
          3,
          3,
          null,
          null,
          null
        ]
      },
      "/Users/janiceweaver/1mod_practice/project/enigam_solo_project/spec/key_spec.rb": {
        "lines": [
          1,
          1,
          null,
          1,
          1,
          1,
          null,
          null,
          1,
          1,
          1,
          1,
          null,
          null,
          null
        ]
      },
      "/Users/janiceweaver/1mod_practice/project/enigam_solo_project/spec/offset_spec.rb": {
        "lines": [
          1,
          1,
          1,
          null,
          1,
          1,
          1,
          null,
          null,
          1,
          1,
          1,
          1,
          null,
          null,
          null
        ]
      },
      "/Users/janiceweaver/1mod_practice/project/enigam_solo_project/spec/shift_final_spec.rb": {
        "lines": [
          1,
          1,
          1,
          1,
          null,
          1,
          1,
          2,
          2,
          2,
          null,
          null,
          1,
          1,
          null,
          1,
          null,
          null,
          null,
          1,
          1,
          1,
          null,
          null,
          null
        ]
      }
    },
    "timestamp": 1668471826
  }
}
